
> sfrs-ett@0.1.0 dev
> next dev --webpack

▲ Next.js 16.2.2 (webpack)
- Local:         http://localhost:3000
- Network:       http://192.168.0.2:3000
- Environments: .env
✓ Ready in 544ms
Attention: Next.js now collects completely anonymous telemetry regarding usage.
This information is used to shape Next.js' roadmap and prioritize features.
You can learn more, including how to opt-out if you'd not like to participate in this anonymous program, by visiting the following URL:
https://nextjs.org/telemetry

 ○ (pwa) PWA support is disabled.
⚠ The "middleware" file convention is deprecated. Please use "proxy" instead. Learn more: https://nextjs.org/docs/messages/middleware-to-proxy

○ Compiling /login ...
 GET /login 200 in 11.3s (next.js: 10.8s, application-code: 421ms)
 GET /login 200 in 182ms (next.js: 86ms, application-code: 96ms)
 GET /api/auth/providers 200 in 2.4s (next.js: 2.4s, application-code: 45ms)
 GET /api/auth/session 200 in 4.7s (next.js: 4.7s, application-code: 52ms)
 GET /api/auth/csrf 200 in 30ms (next.js: 17ms, application-code: 12ms)
prisma:query SELECT `main`.`User`.`id`, `main`.`User`.`username`, `main`.`User`.`fullName`, `main`.`User`.`passwordHash`, `main`.`User`.`role` FROM `main`.`User` WHERE (`main`.`User`.`username` = ? AND 1=1) LIMIT ? OFFSET ?
 POST /api/auth/callback/credentials 200 in 117ms (next.js: 2ms, application-code: 114ms)
 GET /api/auth/session 200 in 16ms (next.js: 2ms, application-code: 14ms)
 GET / 200 in 2.6s (next.js: 2.3s, application-code: 314ms)
○ Compiling /dashboard ...
 GET / 200 in 6.6s (next.js: 6.2s, application-code: 330ms)
 GET /dashboard 200 in 7.1s (next.js: 6.3s, proxy.ts: 426ms, application-code: 362ms)
 GET /api/auth/session 200 in 219ms (next.js: 177ms, application-code: 42ms)
 GET /api/dashboard 200 in 3.6s (next.js: 3.3s, application-code: 351ms)
prisma:query SELECT `main`.`Equipment`.`id`, `main`.`Equipment`.`externalId`, `main`.`Equipment`.`name`, `main`.`Equipment`.`location`, `main`.`Equipment`.`procedurePath`, `main`.`Equipment`.`status`, `main`.`Equipment`.`sfrsId`, `main`.`Equipment`.`mfrId`, `main`.`Equipment`.`expiryDate`, `main`.`Equipment`.`statutoryExamination`, `main`.`Equipment`.`removedAt`, `main`.`Equipment`.`trackHours` FROM `main`.`Equipment` WHERE (`main`.`Equipment`.`removedAt` IS NULL OR `main`.`Equipment`.`removedAt` >= ?) LIMIT ? OFFSET ?
prisma:query SELECT `main`.`TestRequirement`.`id`, `main`.`TestRequirement`.`equipmentId`, `main`.`TestRequirement`.`frequency`, `main`.`TestRequirement`.`type` FROM `main`.`TestRequirement` WHERE `main`.`TestRequirement`.`equipmentId` IN (?) LIMIT ? OFFSET ?
prisma:query SELECT `main`.`TestLog`.`id`, `main`.`TestLog`.`equipmentId`, `main`.`TestLog`.`userId`, `main`.`TestLog`.`timestamp`, `main`.`TestLog`.`type`, `main`.`TestLog`.`result`, `main`.`TestLog`.`testCode`, `main`.`TestLog`.`hoursUsed`, `main`.`TestLog`.`notes` FROM `main`.`TestLog` WHERE `main`.`TestLog`.`equipmentId` IN (?) ORDER BY `main`.`TestLog`.`timestamp` DESC LIMIT ? OFFSET ?
prisma:query SELECT `main`.`Equipment`.`id`, `main`.`Equipment`.`externalId`, `main`.`Equipment`.`name`, `main`.`Equipment`.`location`, `main`.`Equipment`.`procedurePath`, `main`.`Equipment`.`status`, `main`.`Equipment`.`sfrsId`, `main`.`Equipment`.`mfrId`, `main`.`Equipment`.`expiryDate`, `main`.`Equipment`.`statutoryExamination`, `main`.`Equipment`.`removedAt`, `main`.`Equipment`.`trackHours` FROM `main`.`Equipment` WHERE 1=1 ORDER BY `main`.`Equipment`.`name` ASC LIMIT ? OFFSET ?
 GET /admin/equipment 200 in 1686ms (next.js: 1242ms, proxy.ts: 38ms, application-code: 405ms)
 GET /api/auth/session 200 in 49ms (next.js: 30ms, application-code: 18ms)
[browser] ./src/app/admin/equipment/components/EquipmentForm.tsx
Error:   x It's not possible to have both "use client" and "use server" directives in the same file.
   ,-[/app/src/app/admin/equipment/components/EquipmentForm.tsx:3:1]
 1 | "use server";
 2 |
 3 | "use client";
   : ^^^^^^^^^^^^^
 4 |
 5 | import { useTransition } from "react";
 6 | import { saveEquipment, deleteEquipment } from "../actions";
   `----

Import trace for requested module:
./src/app/admin/equipment/components/EquipmentForm.tsx
./src/app/admin/equipment/new/page.tsx
⨯ ./src/app/admin/equipment/components/EquipmentForm.tsx
Error:   x It's not possible to have both "use client" and "use server" directives in the same file.
   ,-[/app/src/app/admin/equipment/components/EquipmentForm.tsx:3:1]
 1 | "use server";
 2 |
 3 | "use client";
   : ^^^^^^^^^^^^^
 4 |
 5 | import { useTransition } from "react";
 6 | import { saveEquipment, deleteEquipment } from "../actions";
   `----

Import trace for requested module:
./src/app/admin/equipment/components/EquipmentForm.tsx
./src/app/admin/equipment/new/page.tsx
[browser] ./src/app/admin/equipment/components/EquipmentForm.tsx
Error:   x It's not possible to have both "use client" and "use server" directives in the same file.
   ,-[/app/src/app/admin/equipment/components/EquipmentForm.tsx:3:1]
 1 | "use server";
 2 |
 3 | "use client";
   : ^^^^^^^^^^^^^
 4 |
 5 | import { useTransition } from "react";
 6 | import { saveEquipment, deleteEquipment } from "../actions";
   `----

Import trace for requested module:
./src/app/admin/equipment/components/EquipmentForm.tsx
./src/app/admin/equipment/new/page.tsx
⨯ ./src/app/admin/equipment/components/EquipmentForm.tsx
Error:   x It's not possible to have both "use client" and "use server" directives in the same file.
   ,-[/app/src/app/admin/equipment/components/EquipmentForm.tsx:3:1]
 1 | "use server";
 2 |
 3 | "use client";
   : ^^^^^^^^^^^^^
 4 |
 5 | import { useTransition } from "react";
 6 | import { saveEquipment, deleteEquipment } from "../actions";
   `----

Import trace for requested module:
./src/app/admin/equipment/components/EquipmentForm.tsx
./src/app/admin/equipment/new/page.tsx
○ Compiling /_not-found ...
[browser] ./src/app/admin/equipment/components/EquipmentForm.tsx
Error:   x It's not possible to have both "use client" and "use server" directives in the same file.
   ,-[/app/src/app/admin/equipment/components/EquipmentForm.tsx:3:1]
 1 | "use server";
 2 |
 3 | "use client";
   : ^^^^^^^^^^^^^
 4 |
 5 | import { useTransition } from "react";
 6 | import { saveEquipment, deleteEquipment } from "../actions";
   `----

Import trace for requested module:
./src/app/admin/equipment/components/EquipmentForm.tsx
./src/app/admin/equipment/new/page.tsx
⨯ ./src/app/admin/equipment/components/EquipmentForm.tsx
Error:   x It's not possible to have both "use client" and "use server" directives in the same file.
   ,-[/app/src/app/admin/equipment/components/EquipmentForm.tsx:3:1]
 1 | "use server";
 2 |
 3 | "use client";
   : ^^^^^^^^^^^^^
 4 |
 5 | import { useTransition } from "react";
 6 | import { saveEquipment, deleteEquipment } from "../actions";
   `----

Import trace for requested module:
./src/app/admin/equipment/components/EquipmentForm.tsx
./src/app/admin/equipment/new/page.tsx
 ○ (pwa) PWA support is disabled.
[browser] ./src/app/admin/equipment/components/EquipmentForm.tsx
Error:   x It's not possible to have both "use client" and "use server" directives in the same file.
   ,-[/app/src/app/admin/equipment/components/EquipmentForm.tsx:3:1]
 1 | "use server";
 2 |
 3 | "use client";
   : ^^^^^^^^^^^^^
 4 |
 5 | import { useTransition } from "react";
 6 | import { saveEquipment, deleteEquipment } from "../actions";
   `----

Import trace for requested module:
./src/app/admin/equipment/components/EquipmentForm.tsx
./src/app/admin/equipment/new/page.tsx
[browser] ./src/app/admin/equipment/components/EquipmentForm.tsx
Error:   x It's not possible to have both "use client" and "use server" directives in the same file.
   ,-[/app/src/app/admin/equipment/components/EquipmentForm.tsx:3:1]
 1 | "use server";
 2 |
 3 | "use client";
   : ^^^^^^^^^^^^^
 4 |
 5 | import { useTransition } from "react";
 6 | import { saveEquipment, deleteEquipment } from "../actions";
   `----

Import trace for requested module:
./src/app/admin/equipment/components/EquipmentForm.tsx
./src/app/admin/equipment/new/page.tsx
⨯ ./src/app/admin/equipment/components/EquipmentForm.tsx
Error:   x It's not possible to have both "use client" and "use server" directives in the same file.
   ,-[/app/src/app/admin/equipment/components/EquipmentForm.tsx:3:1]
 1 | "use server";
 2 |
 3 | "use client";
   : ^^^^^^^^^^^^^
 4 |
 5 | import { useTransition } from "react";
 6 | import { saveEquipment, deleteEquipment } from "../actions";
   `----

Import trace for requested module:
./src/app/admin/equipment/components/EquipmentForm.tsx
./src/app/admin/equipment/new/page.tsx
 GET /admin/equipment/new 500 in 14.3s (next.js: 14.1s, proxy.ts: 14ms, application-code: 175ms)
 GET /admin/equipment 500 in 2.5s (next.js: 2.3s, proxy.ts: 69ms, application-code: 166ms)
[browser] ./src/app/admin/equipment/components/EquipmentForm.tsx
Error:   x It's not possible to have both "use client" and "use server" directives in the same file.
   ,-[/app/src/app/admin/equipment/components/EquipmentForm.tsx:3:1]
 1 | "use server";
 2 |
 3 | "use client";
   : ^^^^^^^^^^^^^
 4 |
 5 | import { useTransition } from "react";
 6 | import { saveEquipment, deleteEquipment } from "../actions";
   `----
[browser] Uncaught ModuleBuildError: Module build failed (from ./node_modules/next/dist/build/webpack/loaders/next-swc-loader.js):
Error:   x It's not possible to have both "use client" and "use server" directives in the same file.
   ,-[/app/src/app/admin/equipment/components/EquipmentForm.tsx:3:1]
 1 | "use server";
 2 |
 3 | "use client";
   : ^^^^^^^^^^^^^
 4 |
 5 | import { useTransition } from "react";
 6 | import { saveEquipment, deleteEquipment } from "../actions";
   `----

 GET /login 200 in 503ms (next.js: 253ms, application-code: 250ms)
 GET /api/auth/session 200 in 1540ms (next.js: 1504ms, application-code: 36ms)
 GET /api/auth/providers 200 in 13ms (next.js: 4ms, application-code: 9ms)
 GET /api/auth/csrf 200 in 13ms (next.js: 2ms, application-code: 11ms)
prisma:query SELECT 1
prisma:query SELECT `main`.`User`.`id`, `main`.`User`.`username`, `main`.`User`.`fullName`, `main`.`User`.`passwordHash`, `main`.`User`.`role` FROM `main`.`User` WHERE (`main`.`User`.`username` = ? AND 1=1) LIMIT ? OFFSET ?
 POST /api/auth/callback/credentials 200 in 115ms (next.js: 2ms, application-code: 112ms)
 GET /api/auth/session 200 in 19ms (next.js: 2ms, application-code: 17ms)
 GET / 200 in 699ms (next.js: 626ms, application-code: 73ms)
 GET / 200 in 41ms (next.js: 4ms, application-code: 37ms)
 GET /dashboard 200 in 712ms (next.js: 616ms, proxy.ts: 21ms, application-code: 75ms)
 GET /dashboard 200 in 55ms (next.js: 4ms, proxy.ts: 19ms, application-code: 32ms)
prisma:query SELECT `main`.`Equipment`.`id`, `main`.`Equipment`.`externalId`, `main`.`Equipment`.`name`, `main`.`Equipment`.`location`, `main`.`Equipment`.`procedurePath`, `main`.`Equipment`.`status`, `main`.`Equipment`.`sfrsId`, `main`.`Equipment`.`mfrId`, `main`.`Equipment`.`expiryDate`, `main`.`Equipment`.`statutoryExamination`, `main`.`Equipment`.`removedAt`, `main`.`Equipment`.`trackHours` FROM `main`.`Equipment` WHERE (`main`.`Equipment`.`removedAt` IS NULL OR `main`.`Equipment`.`removedAt` >= ?) LIMIT ? OFFSET ?
prisma:query SELECT `main`.`TestRequirement`.`id`, `main`.`TestRequirement`.`equipmentId`, `main`.`TestRequirement`.`frequency`, `main`.`TestRequirement`.`type` FROM `main`.`TestRequirement` WHERE `main`.`TestRequirement`.`equipmentId` IN (?) LIMIT ? OFFSET ?
prisma:query SELECT `main`.`TestLog`.`id`, `main`.`TestLog`.`equipmentId`, `main`.`TestLog`.`userId`, `main`.`TestLog`.`timestamp`, `main`.`TestLog`.`type`, `main`.`TestLog`.`result`, `main`.`TestLog`.`testCode`, `main`.`TestLog`.`hoursUsed`, `main`.`TestLog`.`notes` FROM `main`.`TestLog` WHERE `main`.`TestLog`.`equipmentId` IN (?) ORDER BY `main`.`TestLog`.`timestamp` DESC LIMIT ? OFFSET ?
 GET /api/dashboard 200 in 1454ms (next.js: 1398ms, application-code: 55ms)
 GET /dashboard 200 in 352ms (next.js: 72ms, proxy.ts: 29ms, application-code: 251ms)
 GET /api/auth/session 200 in 77ms (next.js: 40ms, application-code: 36ms)
prisma:query SELECT `main`.`Equipment`.`id`, `main`.`Equipment`.`externalId`, `main`.`Equipment`.`name`, `main`.`Equipment`.`location`, `main`.`Equipment`.`procedurePath`, `main`.`Equipment`.`status`, `main`.`Equipment`.`sfrsId`, `main`.`Equipment`.`mfrId`, `main`.`Equipment`.`expiryDate`, `main`.`Equipment`.`statutoryExamination`, `main`.`Equipment`.`removedAt`, `main`.`Equipment`.`trackHours` FROM `main`.`Equipment` WHERE (`main`.`Equipment`.`removedAt` IS NULL OR `main`.`Equipment`.`removedAt` >= ?) LIMIT ? OFFSET ?
prisma:query SELECT `main`.`TestRequirement`.`id`, `main`.`TestRequirement`.`equipmentId`, `main`.`TestRequirement`.`frequency`, `main`.`TestRequirement`.`type` FROM `main`.`TestRequirement` WHERE `main`.`TestRequirement`.`equipmentId` IN (?) LIMIT ? OFFSET ?
prisma:query SELECT `main`.`TestLog`.`id`, `main`.`TestLog`.`equipmentId`, `main`.`TestLog`.`userId`, `main`.`TestLog`.`timestamp`, `main`.`TestLog`.`type`, `main`.`TestLog`.`result`, `main`.`TestLog`.`testCode`, `main`.`TestLog`.`hoursUsed`, `main`.`TestLog`.`notes` FROM `main`.`TestLog` WHERE `main`.`TestLog`.`equipmentId` IN (?) ORDER BY `main`.`TestLog`.`timestamp` DESC LIMIT ? OFFSET ?
 GET /api/dashboard 200 in 19ms (next.js: 2ms, application-code: 17ms)
prisma:query SELECT `main`.`Equipment`.`id`, `main`.`Equipment`.`externalId`, `main`.`Equipment`.`name`, `main`.`Equipment`.`location`, `main`.`Equipment`.`procedurePath`, `main`.`Equipment`.`status`, `main`.`Equipment`.`sfrsId`, `main`.`Equipment`.`mfrId`, `main`.`Equipment`.`expiryDate`, `main`.`Equipment`.`statutoryExamination`, `main`.`Equipment`.`removedAt`, `main`.`Equipment`.`trackHours` FROM `main`.`Equipment` WHERE 1=1 ORDER BY `main`.`Equipment`.`name` ASC LIMIT ? OFFSET ?
 GET /admin/equipment 200 in 134ms (next.js: 20ms, proxy.ts: 18ms, application-code: 96ms)
 GET /api/auth/session 200 in 60ms (next.js: 44ms, application-code: 16ms)
○ Compiling /admin/equipment/new ...
 GET /admin/equipment/new 200 in 5.0s (next.js: 4.5s, proxy.ts: 10ms, application-code: 422ms)
⚠ Fast Refresh had to perform a full reload. Read more: https://nextjs.org/docs/messages/fast-refresh-reload
 GET /api/auth/session 200 in 71ms (next.js: 49ms, application-code: 22ms)
prisma:query SELECT 1
prisma:query BEGIN IMMEDIATE
prisma:query INSERT INTO `main`.`Equipment` (`id`, `externalId`, `name`, `location`, `procedurePath`, `status`, `sfrsId`, `mfrId`, `expiryDate`, `statutoryExamination`, `removedAt`, `trackHours`) VALUES (?,?,?,?,?,?,?,?,?,?,?,?) RETURNING `id` AS `id`
prisma:query SELECT `main`.`Equipment`.`id`, `main`.`Equipment`.`externalId`, `main`.`Equipment`.`name`, `main`.`Equipment`.`location`, `main`.`Equipment`.`procedurePath`, `main`.`Equipment`.`status`, `main`.`Equipment`.`sfrsId`, `main`.`Equipment`.`mfrId`, `main`.`Equipment`.`expiryDate`, `main`.`Equipment`.`statutoryExamination`, `main`.`Equipment`.`removedAt`, `main`.`Equipment`.`trackHours` FROM `main`.`Equipment` WHERE `main`.`Equipment`.`id` = ? LIMIT ? OFFSET ?
prisma:query COMMIT
prisma:query SELECT `main`.`Equipment`.`id`, `main`.`Equipment`.`externalId`, `main`.`Equipment`.`name`, `main`.`Equipment`.`location`, `main`.`Equipment`.`procedurePath`, `main`.`Equipment`.`status`, `main`.`Equipment`.`sfrsId`, `main`.`Equipment`.`mfrId`, `main`.`Equipment`.`expiryDate`, `main`.`Equipment`.`statutoryExamination`, `main`.`Equipment`.`removedAt`, `main`.`Equipment`.`trackHours` FROM `main`.`Equipment` WHERE 1=1 ORDER BY `main`.`Equipment`.`name` ASC LIMIT ? OFFSET ?
 GET /admin/equipment 200 in 266ms (next.js: 32ms, proxy.ts: 22ms, application-code: 212ms)
 POST /admin/equipment/new 303 in 702ms (next.js: 4ms, proxy.ts: 14ms, application-code: 684ms)
  └─ ƒ saveEquipment({}, undefined) in 35ms admin/equipment/actions.ts
prisma:query SELECT `main`.`Equipment`.`id`, `main`.`Equipment`.`externalId`, `main`.`Equipment`.`name`, `main`.`Equipment`.`location`, `main`.`Equipment`.`procedurePath`, `main`.`Equipment`.`status`, `main`.`Equipment`.`sfrsId`, `main`.`Equipment`.`mfrId`, `main`.`Equipment`.`expiryDate`, `main`.`Equipment`.`statutoryExamination`, `main`.`Equipment`.`removedAt`, `main`.`Equipment`.`trackHours` FROM `main`.`Equipment` WHERE 1=1 ORDER BY `main`.`Equipment`.`name` ASC LIMIT ? OFFSET ?
 GET /admin/equipment 200 in 81ms (next.js: 3ms, proxy.ts: 11ms, application-code: 66ms)
prisma:query SELECT `main`.`Equipment`.`id`, `main`.`Equipment`.`externalId`, `main`.`Equipment`.`name`, `main`.`Equipment`.`location`, `main`.`Equipment`.`procedurePath`, `main`.`Equipment`.`status`, `main`.`Equipment`.`sfrsId`, `main`.`Equipment`.`mfrId`, `main`.`Equipment`.`expiryDate`, `main`.`Equipment`.`statutoryExamination`, `main`.`Equipment`.`removedAt`, `main`.`Equipment`.`trackHours` FROM `main`.`Equipment` WHERE (`main`.`Equipment`.`id` = ? AND 1=1) LIMIT ? OFFSET ?
prisma:query SELECT `main`.`TestRequirement`.`id`, `main`.`TestRequirement`.`equipmentId`, `main`.`TestRequirement`.`frequency`, `main`.`TestRequirement`.`type` FROM `main`.`TestRequirement` WHERE `main`.`TestRequirement`.`equipmentId` IN (?) LIMIT ? OFFSET ?
 GET /admin/equipment/cmo6ch96e0000j64ehiq4s0c2 200 in 2.5s (next.js: 2.2s, proxy.ts: 14ms, application-code: 258ms)
prisma:query SELECT `main`.`Equipment`.`id`, `main`.`Equipment`.`externalId`, `main`.`Equipment`.`name`, `main`.`Equipment`.`location`, `main`.`Equipment`.`procedurePath`, `main`.`Equipment`.`status`, `main`.`Equipment`.`sfrsId`, `main`.`Equipment`.`mfrId`, `main`.`Equipment`.`expiryDate`, `main`.`Equipment`.`statutoryExamination`, `main`.`Equipment`.`removedAt`, `main`.`Equipment`.`trackHours` FROM `main`.`Equipment` WHERE (`main`.`Equipment`.`id` = ? AND 1=1) LIMIT ? OFFSET ?
prisma:query SELECT `main`.`TestRequirement`.`id`, `main`.`TestRequirement`.`equipmentId`, `main`.`TestRequirement`.`frequency`, `main`.`TestRequirement`.`type` FROM `main`.`TestRequirement` WHERE `main`.`TestRequirement`.`equipmentId` IN (?) LIMIT ? OFFSET ?
 GET /admin/equipment/cmo6ch96e0000j64ehiq4s0c2 200 in 181ms (next.js: 49ms, proxy.ts: 15ms, application-code: 116ms)
